============================= test session starts ==============================
platform linux -- Python 3.13.12, pytest-9.0.2, pluggy-1.6.0 -- /home/terry/germline/.venv/bin/python
cachedir: .pytest_cache
rootdir: /home/terry/germline
configfile: pyproject.toml
plugins: langsmith-0.7.22, cov-7.1.0, anyio-4.13.0, asyncio-1.3.0
asyncio: mode=Mode.AUTO, debug=False, asyncio_default_fixture_loop_scope=None, asyncio_default_test_loop_scope=function
collecting ... collected 38 items

assays/test_pathways_overnight.py::TestSterileEnv::test_removes_claudecode PASSED [  2%]
assays/test_pathways_overnight.py::TestSterileEnv::test_preserves_other_vars PASSED [  5%]
assays/test_pathways_overnight.py::TestSterileEnv::test_empty_env_safe PASSED [  7%]
assays/test_pathways_overnight.py::TestMetabolise::test_outfile_exists_returns_contents PASSED [ 10%]
assays/test_pathways_overnight.py::TestMetabolise::test_no_outfile_returns_stdout PASSED [ 13%]
assays/test_pathways_overnight.py::TestMetabolise::test_no_outfile_no_stdout_returns_none PASSED [ 15%]
assays/test_pathways_overnight.py::TestMetabolise::test_subprocess_exception_returns_none PASSED [ 18%]
assays/test_pathways_overnight.py::TestMetabolise::test_empty_seed_still_calls PASSED [ 21%]
assays/test_pathways_overnight.py::TestMetabolise::test_passes_expander_and_pusher PASSED [ 23%]
assays/test_pathways_overnight.py::TestMetabolise::test_sterile_env_used PASSED [ 26%]
assays/test_pathways_overnight.py::TestMetabolise::test_cwd_is_vivesca PASSED [ 28%]
assays/test_pathways_overnight.py::TestMetabolise::test_timeout_600 PASSED [ 31%]
assays/test_pathways_overnight.py::TestMetabolise::test_outfile_path_includes_slug PASSED [ 34%]
assays/test_pathways_overnight.py::TestComposePost::test_valid_input_returns_path PASSED [ 36%]
assays/test_pathways_overnight.py::TestComposePost::test_transduce_error_returns_none PASSED [ 39%]
assays/test_pathways_overnight.py::TestComposePost::test_empty_result_still_writes PASSED [ 42%]
assays/test_pathways_overnight.py::TestComposePost::test_prompt_includes_seed_content_and_title PASSED [ 44%]
assays/test_pathways_overnight.py::TestComposePost::test_default_model_is_glm PASSED [ 47%]
assays/test_pathways_overnight.py::TestComposePost::test_custom_model_passed PASSED [ 50%]
assays/test_pathways_overnight.py::TestComposePost::test_write_text_called_with_transduce_output PASSED [ 52%]
assays/test_pathways_overnight.py::TestComposePost::test_prompt_has_timestamp PASSED [ 55%]
assays/test_pathways_overnight.py::TestComposePost::test_transduce_timeout_120 PASSED [ 57%]
assays/test_pathways_overnight.py::TestPublish::test_success_returns_true PASSED [ 60%]
assays/test_pathways_overnight.py::TestPublish::test_failure_returns_false PASSED [ 63%]
assays/test_pathways_overnight.py::TestPublish::test_nonzero_returncode_returns_false PASSED [ 65%]
assays/test_pathways_overnight.py::TestPublish::test_exception_returns_false PASSED [ 68%]
assays/test_pathways_overnight.py::TestPublish::test_calls_sarcio_publish_push PASSED [ 71%]
assays/test_pathways_overnight.py::TestPublish::test_timeout_60 PASSED   [ 73%]
assays/test_pathways_overnight.py::TestMetabolizePipeline::test_full_success PASSED [ 76%]
assays/test_pathways_overnight.py::TestMetabolizePipeline::test_publish_failure PASSED [ 78%]
assays/test_pathways_overnight.py::TestMetabolizePipeline::test_no_convergence PASSED [ 81%]
assays/test_pathways_overnight.py::TestMetabolizePipeline::test_compose_failure PASSED [ 84%]
assays/test_pathways_overnight.py::TestMetabolizePipeline::test_mixed_results 