Uninstalled 1 package in 4ms
Installed 1 package in 7ms
============================= test session starts ==============================
platform linux -- Python 3.13.12, pytest-9.0.2, pluggy-1.6.0
rootdir: /home/terry/germline
configfile: pyproject.toml
testpaths: assays
plugins: langsmith-0.7.22, cov-7.1.0, anyio-4.13.0, asyncio-1.3.0
asyncio: mode=Mode.AUTO, debug=False, asyncio_default_fixture_loop_scope=None, asyncio_default_test_loop_scope=function
collected 14662 items / 6 deselected / 14656 selected

<Dir germline>
  <Dir assays>
    <Module test___init__.py>
      <Function test___init___placeholder>
    <Module test___main__.py>
      <Function test___main___placeholder>
    <Module test_add.py>
      <Function test_add_placeholder>
    <Module test_agent_sync.py>
      <Function test_script_exists_and_executable>
      <Function test_help_output>
      <Function test_repos_list_correct>
      <Function test_memory_sync_logic>
    <Module test_anatomy.py>
      <Class TestExtractDecoratedNames>
        <Function test_extracts_tool_with_string_arg>
        <Function test_extracts_bare_decorator>
        <Function test_ignores_other_decorators>
        <Function test_handles_resource_decorator>
        <Function test_handles_syntax_error>
        <Function test_handles_file_not_found>
        <Function test_handles_attribute_decorator>
        <Function test_handles_async_functions>
      <Class TestScanDirectory>
        <Function test_empty_directory>
        <Function test_nonexistent_directory>
        <Function test_scans_modules>
        <Function test_ignores_init_py>
        <Function test_handles_no_decorators_found>
      <Class TestExtractModuleDocstring>
        <Function test_extracts_docstring>
        <Function test_no_docstring>
        <Function test_syntax_error>
        <Function test_file_not_found>
      <Class TestExtractToolDetails>
        <Function test_extracts_tool_details>
        <Function test_excludes_self_param>
        <Function test_tool_with_name_kwarg>
        <Function test_bare_tool_uses_func_name>
        <Function test_no_docstring>
        <Function test_syntax_error>
      <Class TestOrganDescriptions>
        <Function test_no_enzymes_directory>
        <Function test_organ_descriptions>
      <Class TestExtractSubstrateInfo>
        <Function test_extracts_substrate_info>
        <Function test_detects_autonomic_layer>
        <Function test_no_substrate_class>
        <Function test_syntax_error>
      <Class TestSubstrateMap>
        <Function test_no_substrates_directory>
        <Function test_empty_substrates_directory>
        <Function test_substrate_map>
      <Class TestExtractModuleSummary>
        <Function test_extracts_summary>
        <Function test_syntax_error>
      <Class TestMetabolismModules>
        <Function test_no_metabolism_directory>
        <Function test_empty_metabolism_directory>
        <Function test_metabolism_modules>
      <Class TestMetabolismSummary>
        <Function test_summary_success>
        <Function test_summary_import_error>
        <Function test_summary_exception>
      <Class TestOrganismTheory>
        <Function test_no_design_md>
        <Function test_unreadable_design_md>
        <Function test_extracts_theory>
        <Function test_ignores_code_blocks>
        <Function test_ignores_tables>
      <Class TestKnownLesions>
        <Function test_no_plans_directory>
        <Function test_no_active_plans>
        <Function test_active_plans>
        <Function test_test_results_healthy>
        <Function test_test_results_unhealthy>
        <Function test_test_results_exception>
        <Function test_malformed_frontmatter>
      <Class TestOperonHeartbeat>
        <Function test_heartbeat_success>
        <Function test_heartbeat_import_error>
        <Function test_heartbeat_exception>
        <Function test_heartbeat_never_fired>
      <Class TestOperonSummary>
        <Function test_operon_summary>
        <Function test_operon_summary_import_error>
      <Class TestExpressAnatomy>
        <Function test_express_anatomy_basic>
        <Function test_express_anatomy_with_tools>
        <Function test_express_anatomy_uses_default_src>
      <Class TestEdgeCases>
        <Function test_empty_file>
        <Function test_unicode_in_docstring>
        <Function test_multiline_decorator>
        <Function test_nested_class_substrate>
        <Function test_plan_with_multiline_body>
    <Module test_angiogenesis.py>
      <Class TestDetectHypoxia>
        <Function test_no_log_file>
        <Function test_empty_log>
        <Function test_detects_cofailure_pair>
        <Function test_ignores_healed>
      <Class TestProposeVessel>
        <Function test_creates_proposal>
      <Class TestVesselRegistry>
        <Function test_no_registry>
        <Function test_reads_registry>
    <Module test_architecture_resource.py>
      <Class TestExtractDecoratedNames>
        <Function test_extracts_tool_with_name_kwarg>
        <Function test_extracts_resource_with_positional_uri>
        <Function test_extracts_multiple_functions>
        <Function test_ignores_unrelated_decorators>
        <Function test_handles_syntax_error_gracefully>
        <Function test_handles_missing_file_gracefully>
      <Class TestScanDirectory>
        <Function test_scans_tool_directory>
        <Function test_missing_directory>
        <Function test_empty_directory>
        <Function test_module_without_decorators>
      <Class TestGenerateAnatomy>
        <Function test_returns_valid_markdown>
        <Function test_includes_tool_names>
        <Function test_includes_resource_uris>
        <Function test_includes_prompt_names>
        <Function test_includes_metabolism_section>
        <Function test_lists_module_filenames>
      <Class TestOrganismTheory>
        <Function test_extracts_key_sections>
        <Function test_missing_design_md>
        <Function test_extracts_first_paragraph_content>
      <Class TestOrganDescriptions>
        <Function test_extracts_module_docstrings_and_tools>
        <Function test_shows_tool_params>
        <Function test_shows_tool_docstring_first_line>
        <Function test_missing_tools_dir>
      <Class TestSubstrateMap>
        <Function test_extracts_substrate_classes>
        <Function test_shows_layer>
        <Function test_shows_protocol_methods>
        <Function test_shows_method_docstrings>
        <Function test_missing_substrates_dir>
      <Class TestMetabolismModules>
        <Function test_lists_modules_with_docstrings>
        <Function test_shows_module_docstring_first_line>
        <Function test_shows_exports>
        <Function test_missing_metabolism_dir>
      <Class TestKnownLesions>
        <Function test_lists_active_plans>
        <Function test_excludes_completed_plans>
        <Function test_missing_plans_dir>
      <Class TestExtractSubstrateInfo>
        <Function test_extracts_class_info>
      <Class TestGenerateAnatomyNewSections>
        <Function test_includes_organism_theory_section>
        <Function test_includes_organ_descriptions_section>
        <Function test_includes_substrate_map_section>
        <Function test_includes_metabolism_modules_section>
        <Function test_includes_known_lesions_section>
        <Function test_output_under_300_lines>
      <Class TestGeneratorFunction>
        <Function test_generator_returns_string>
    <Module test_assay.py>
      <Function test_assay_extract_keywords_basic>
      <Function test_extract_keywords_stop_words_filtered>
      <Function test_extract_keywords_short_words_filtered>
      <Function test_assay_extract_keywords_synonym_expansion_caffeine>
      <Function test_extract_keywords_synonym_expansion_alcohol>
      <Function test_assay_extract_keywords_synonym_expansion_exercise>
      <Function test_assay_extract_keywords_synonym_expansion_sleep>
      <Function test_extract_keywords_synonym_expansion_meditation>
      <Function test_extract_keywords_synonym_expansion_fasting>
      <Function test_extract_keywords_synonym_expansion_cold>
      <Function test_extract_keywords_synonym_expansion_heat>
      <Function test_extract_keywords_no_duplicates>
      <Function test_extract_keywords_combined_name_hypothesis>
      <Function test_extract_keywords_magnesium_synonyms>
      <Function test_extract_keywords_creatine_synonyms>
      <Function test_extract_keywords_stress_synonyms>
      <Function test_extract_keywords_supplements_synonyms>
      <Function test_extract_keywords_sunlight_synonyms>
      <Function test_extract_keywords_reading_synonyms>
      <Function test_extract_keywords_fat_synonyms>
      <Function test_extract_keywords_carbs_synonyms>
      <Function test_slugify_simple>
      <Function test_slugify_lowercase>
      <Function test_assay_slugify_special_chars>
      <Function test_assay_slugify_multiple_spaces>
      <Function test_slugify_leading_trailing_spaces>
      <Function test_assay_slugify_numbers_preserved>
      <Function test_assay_slugify_empty_string>
      <Function test_slugify_only_special_chars>
      <Function test_slugify_mixed_alphanumeric>
      <Function test_assay_summarise_period_basic>
      <Function test_summarise_period_range>
      <Function test_summarise_period_empty>
      <Function test_summarise_period_partial_data>
      <Function test_summarise_period_no_contributors>
      <Function test_summarise_period_rounding>
      <Function test_assay_summarise_period_single_day>
      <Function test_assay_extract_float_basic>
      <Function test_assay_extract_float_not_found>
      <Function test_assay_extract_float_integer>
      <Function test_extract_float_multiple_matches>
      <Function test_assay_extract_float_invalid_number>
      <Function test_extract_float_negative>
      <Function test_pull_oura_combines_data>
      <Function test_pull_oura_sorted_by_date>
      <Function test_pull_oura_empty_response>
      <Function test_assay_pull_intake_matches_keywords>
      <Function test_pull_intake_empty_keywords>
      <Function test_pull_intake_missing_file>
      <Function test_assay_is_active_true>
      <Function test_assay_is_active_false_closed>
      <Function test_assay_is_active_false_no_status>
      <Function test_assay_find_experiment_by_name>
      <Function test_find_experiment_no_match>
      <Function test_find_experiment_single_active_no_name>
      <Function test_find_experiment_multiple_active_no_name>
      <Function test_find_experiment_empty_dir>
      <Function test_find_experiment_closed_not_returned_without_name>
      <Function test_assay_list_experiments_returns_sorted>
      <Function test_list_experiments_empty>
      <Function test_list_experiments_only_assay_files>
      <Function test_cmd_list_empty>
      <Function test_assay_cmd_list_shows_status>
      <Function test_cmd_list_extracts_name>
      <Function test_cmd_new_creates_file>
      <Function test_cmd_new_uses_default_hypothesis>
      <Function test_cmd_check_no_experiment>
      <Function test_assay_cmd_check_appends_to_file>
      <Function test_cmd_check_shows_delta>
      <Function test_cmd_close_no_experiment>
      <Function test_assay_cmd_close_flips_status>
      <Function test_cmd_close_shows_final_comparison>
      <Function test_cmd_close_includes_cross_linked_events>
      <Function test_extract_keywords_empty_inputs>
      <Function test_summarise_period_zero_scores>
      <Function test_slugify_unicode>
      <Class TestAssayEdgeCases>
        <Function test_find_experiment_special_chars_in_name>
        <Function test_cmd_check_missing_start_date>
        <Function test_cmd_close_missing_dates>
        <Function test_cmd_list_missing_name_in_frontmatter>
    <Module test_assay_actions.py>
      <Class TestAssayList>
        <Function test_list_calls_run_cli_with_correct_args>
        <Function test_list_ignores_name_parameter>
      <Class TestAssayCheck>
        <Function test_check_with_name>
        <Function test_check_without_name>
        <Function test_check_empty_name>
      <Class TestAssayClose>
        <Function test_close_with_name>
        <Function test_close_without_name>
      <Class TestAssayUnknownAction>
        <Function test_unknown_action_returns_error_message>
        <Function test_unknown_action_empty_string>
        <Function test_unknown_action_does_not_call_run_cli>
      <Class TestAssayBinaryPath>
        <Function test_binary_path_is_absolute>
      <Class TestAssayErrorPropagation>
        <Function test_list_propagates_value_error>
        <Function test_check_propagates_timeout_error>
        <Function test_close_propagates_process_error>
      <Class TestAssayNameHandling>
        <Function test_check_whitespace_name_is_appended>
        <Function test_check_special_characters_in_name>
        <Function test_close_unicode_name>
      <Class TestAssayReturnValues>
        <Function test_list_returns_empty_string_as_is>
        <Function test_check_returns_multiline_output>
    <Module test_assay_effector.py>
      <Function test_assay_effector_slugify_basic>
      <Function test_slugify_removes_special_chars>
      <Function test_assay_effector_slugify_multiple_spaces>
      <Function test_slugify_strips_hyphens>
      <Function test_assay_effector_slugify_empty_string>
      <Function test_assay_effector_slugify_numbers_preserved>
      <Function test_assay_effector_extract_keywords_basic>
      <Function test_extract_keywords_filters_stop_words>
      <Function test_extract_keywords_min_length>
      <Function test_assay_effector_extract_keywords_synonym_expansion_caffeine>
      <Function test_assay_effector_extract_keywords_synonym_expansion_exercise>
      <Function test_assay_effector_extract_keywords_synonym_expansion_sleep>
      <Function test_extract_keywords_deduplicates>
      <Function test_assay_effector_summarise_period_basic>
      <Function test_summarise_period_empty_data>
      <Function test_summarise_period_missing_scores>
      <Function test_summarise_period_none_contributors>
      <Function test_assay_effector_summarise_period_single_day>
      <Function test_assay_effector_extract_float_basic>
      <Function test_assay_effector_extract_float_integer>
      <Function test_assay_effector_extract_float_not_found>
      <Function test_assay_effector_extract_float_invalid_number>
      <Function test_assay_effector_is_active_true>
      <Function test_assay_effector_is_active_false_closed>
      <Function test_assay_effector_is_active_false_no_status>
      <Function test_assay_effector_find_experiment_by_name>
      <Function test_find_experiment_no_match_returns_none>
      <Function test_find_experiment_empty_dir_returns_none>
      <Function test_find_experiment_single_active_returns_it>
      <Function test_find_experiment_multiple_active_no_name_returns_none>
      <Function test_assay_effector_list_experiments_returns_sorted>
      <Function test_list_experiments_empty_dir>
      <Function test_list_experiments_filters_by_prefix>
      <Function test_pull_intake_no_meal_plan>
      <Function test_pull_intake_no_order_log>
      <Function test_assay_effector_pull_intake_matches_keywords>
      <Function test_pull_intake_filters_by_date>
      <Function test_pull_intake_strips_prefix>
      <Function test_cmd_list_no_experiments>
      <Function test_assay_effector_cmd_list_shows_status>
      <Function test_cmd_new_creates_experiment>
      <Function test_cmd_new_pulls_baseline>
      <Function test_cmd_check_no_experiment_exits>
      <Function test_assay_effector_cmd_check_appends_to_file>
      <Function test_cmd_close_no_experiment_exits>
      <Function test_assay_effector_cmd_close_flips_status>
      <Function test_cmd_close_appends_results>
      <Function test_pull_oura_fetches_data>
      <Function test_pull_oura_sorts_by_date>
      <Function test_stop_words_contains_expected>
      <Function test_domain_synonyms_structure>
      <Function test_experiment_dir_path>
    <Module test_audit.py>
      <Class TestAuditCommand>
        <Function test_audit_no_constitution>
        <Function test_audit_with_signals>
        <Function test_audit_no_signals>
        <Function test_audit_custom_days>
        <Function test_audit_conflict_detection>
        <Function test_audit_summary_line>
        <Function test_audit_no_rules_in_constitution>
    <Module test_auscultation.py>
      <Function test_auscultation_placeholder>
    <Module test_auscultation_actions.py>
      <Function test_auscultation_actions_unknown_action>
      <Function test_logs_action>
      <Function test_errors_action>
    <Module test_auto_update_compound_engineering.py>
      <Function test_auto_update_compound_engineering_script_exists>
      <Function test_auto_update_compound_engineering_script_is_executable>
      <Function test_auto_update_compound_engineering_script_has_shebang>
      <Function test_auto_update_compound_engineering_help_long_flag>
      <Function test_auto_update_compound_engineering_help_short_flag>
      <Function test_help_mentions_crontab>
      <Function test_help_mentions_log_file>
      <Function test_auto_update_compound_engineering_exits_1_when_no_bunx_or_npx>
      <Function test_auto_update_compound_engineering_uses_bunx_when_available>
      <Function test_auto_update_compound_engineering_falls_back_to_npx_when_bunx_missing>
      <Function test_auto_update_compound_engineering_prefers_bunx_over_npx>
      <Function test_creates_log_file>
      <Function test_log_contains_timestamps>
      <Function test_log_contains_opencode_update>
      <Function test_log_contains_codex_update>
      <Function test_auto_update_compound_engineering_invokes_compound_plugin_for_opencode>
      <Function test_auto_update_compound_engineering_invokes_compound_plugin_for_codex>
      <Function test_logs_error_when_runner_fails>
    <Module test_auto_update_compound_engineering_sh.py>
      <Class TestHelpFlag>
        <Function test_help_exits_zero>
        <Function test_h_short_flag_exits_zero>
        <Function test_help_shows_usage>
        <Function test_help_mentions_crontab>
        <Function test_help_does_not_create_log>
      <Class TestRunnerSelection>
        <Function test_no_runner_exits_1>
        <Function test_no_runner_logs_error>
        <Function test_uses_bunx_when_available>
        <Function test_uses_npx_when_bunx_missing>
        <Function test_prefers_bunx_over_npx>
      <Class TestLogging>
        <Function test_creates_log_file>
        <Function test_log_contains_start_marker>
        <Function test_log_contains_end_marker>
        <Function test_log_contains_dates>
      <Class TestUpdateTargets>
        <Function test_runs_opencode_update>
        <Function test_runs_codex_update>
        <Function test_opencode_success_logged>
        <Function test_codex_success_logged>
        <Function test_opencode_failure_logged>
        <Function test_codex_failure_logged>
        <Function test_failure_does_not_stop_second_update>
      <Class TestLogFileLocation>
        <Function test_log_uses_home_env>
        <Function test_script_exits_0_on_success>
    <Module test_autoimmune.py>
      <Class TestBasics>
        <Function test_file_exists>
        <Function test_shebang>
        <Function test_has_docstring>
      <Class TestState>
        <Function test_load_state_missing_file>
        <Function test_load_state_corrupt_json>
        <Function test_save_load_roundtrip>
        <Function test_save_creates_parent_dirs>
        <Function test_load_state_valid>
      <Class TestLogFire>
        <Function test_creates_log_entry>
        <Function test_appends_entries>
        <Function test_truncates_long_reason>
        <Function test_handles_write_error_gracefully>
      <Class TestDeny>
        <Function test_outputs_deny_json>
        <Function test_deny_json_structure>
        <Function test_deny_logs_fire>
      <Class TestPraxisCheck>
        <Function test_no_praxis_file>
        <Function test_incomplete_item_due_soon>
        <Function test_complete_item_due_soon_ignored>
        <Function test_item_due_far_future>
        <Function test_item_past_due>
        <Function test_no_due_date_items>
        <Function test_invalid_due_date_handled>
      <Class TestMain>
        <Function test_non_sarcio_skill_exits_cleanly>
        <Function test_no_session_id_exits_cleanly>
        <Function test_below_threshold_exits_cleanly>
        <Function test_threshold_allows_without_deadline_items>
        <Function test_threshold_blocks_with_deadline_items>
        <Function test_new_session_resets_counter>
        <Function test_invalid_json_exits_cleanly>
        <Function test_empty_stdin_exits_cleanly>
      <Class TestCLI>
        <Function test_runs_with_empty_stdin>
        <Function test_runs_with_non_sarcio_input>
    <Module test_backfill_marks.py>
      <Function test_marks_dir_defined>
      <Function test_skip_files_defined>
      <Function test_protected_stems_defined>
      <Function test_email_to_source_mapping>
      <Function test_get_git_blame_source_defaults_to_cc>
      <Function test_get_git_blame_source_maps_known_email>
      <Function test_get_git_blame_source_handles_error>
      <Function test_backfill_marks_parse_frontmatter_valid>
      <Function test_backfill_marks_parse_frontmatter_no_frontmatter>
      <Function test_parse_frontmatter_unclosed>
      <Function test_backfill_marks_parse_frontmatter_empty>
      <Function test_parse_frontmatter_multiline_body>
      <Function test_has_field_present>
      <Function test_has_field_absent>
      <Function test_has_field_partial_match>
      <Function test_rebuild_file_basic>
      <Function test_rebuild_file_adds_newline_to_body>
      <Function test_rebuild_file_empty_body>
      <Function test_process_file_no_frontmatter>
      <Function test_process_file_already_complete>
      <Function test_process_file_adds_source>
      <Function test_process_file_adds_durability_acetyl_for_checkpoint>
      <Function test_process_file_adds_durability_methyl_default>
      <Function test_process_file_adds_protected_for_stem>
      <Function test_process_file_dry_run_vs_execute>
      <Function test_process_file_execute_writes_changes>
      <Function test_main_dry_run_default>
      <Function test_main_explicit_dry_run>
      <Function test_main_execute_mode>
      <Function test_main_skips_symlinks>
      <Function test_main_skips_index_files>
      <Function test_main_results_summary>
    <Module test_backup_due.py>
      <Function test_backup_due_script_exists>
      <Function test_backup_due_help_flag>
      <Function test_error_when_database_missing>
    <Module test_backup_due_sh.py>
      <Class TestHelp>
        <Function test_help_exits_zero>
        <Function test_help_short_flag_exits_zero>
        <Function test_help_shows_usage>
        <Function test_help_mentions_due>
        <Function test_help_mentions_nightly>
        <Function test_help_shows_retention_policy>
        <Function test_help_no_stderr>
        <Function test_help_no_backup_created>
      <Class TestFileBasics>
        <Function test_file_exists>
        <Function test_is_bash_script>
        <Function test_has_set_euo>
      <Class TestMissingDB>
        <Function test_exits_1>
        <Function test_stderr_message>
        <Function test_stderr_mentions_path>
        <Function test_no_backup_created>
        <Function test_directory_instead_of_file>
      <Class TestSuccessfulBackup>
        <Function test_exits_zero>
        <Function test_copies_file>
        <Function test_prints_success>
        <Function test_creates_backup_dir>
        <Function test_creates_backup_dir_when_already_exists>
        <Function test_timestamp_in_filename>
        <Function test_output_mentions_retained>
      <Class TestSourceVariants>
        <Function test_copies_empty_file>
        <Function test_copies_binary_content>
      <Class TestRetention>
        <Function test_keeps_30_backups>
        <Function test_prunes_oldest>
        <Function test_prunes_with_real_dates>
        <Function test_prunes_oldest_real_dates>
        <Function test_keeps_recent_real_dates>
        <Function test_no_prune_under_30>
        <Function test_fewer_than_30_exact_count>
        <Function test_output_shows_retained_count>
      <Class TestOverwrite>
        <Function test_overwrites_same_day_backup>
        <Function test_second_run_still_exit_0>
      <Class TestRetentionPolicy>
        <Function test_retention_message>
        <Function test_retention_count>
      <Class TestScriptPermissions>
        <Function test_script_is_executable>
        <Function test_script_file_not_directory>
      <Class TestSuccessMessageDetails>
        <Function test_stdout_mentions_source_basename>
        <Function test_stdout_mentions_dest_path>
        <Function test_no_stderr_on_success>
        <Function test_success_output_two_lines>
      <Class TestNonBackupFiles>
        <Function test_pruning_ignores_non_duecdb_files>
        <Function test_pruning_ignores_partial_name_match>
      <Class TestExactBoundary>
        <Function test_exactly_30_backups_no_pruning>
        <Function test_exactly_31_backups_prunes_to_30>
      <Class TestCopyIntegrity>
        <Function test_preserves_content_not_permissions>
        <Function test_large_file_backup>
      <Class TestRetentionCountOutput>
        <Function test_count_matches_actual_after_pruning>
      <Class TestSymlinkSource>
        <Function test_follows_symlink_to_real_file>
        <Function test_broken_symlink_treated_as_missing>
      <Class TestHomeUnset>
        <Function test_fails_when_home_unset>
        <Function test_fails_when_home_empty>
      <Class TestReadOnlyBackupDir>
        <Function test_fails_when_backup_dir_readonly>
      <Class TestUnicodeContent>
        <Function test_copies_unicode_content>
      <Class TestDestinationFormat>
        <Function test_dest_has_due_prefix>
        <Function test_dest_has_duecdb_extension>
        <Function test_dest_date_is_valid_iso>
    <Module test_baroreceptor.py>
      <Class TestToInt>
        <Function test_int_value>
        <Function test_float_value>
        <Function test_string_number>
        <Function test_string_float>
        <Function test_invalid_string>
        <Function test_none>
      <Class TestGetPlaceValue>
        <Function test_finds_place>
        <Function test_missing_place>
      <Class TestFormatRain>
        <Function test_integer_mm>
        <Function test_decimal_mm>
      <Class TestBuildWeatherLine>
        <Function test_basic_output>
        <Function test_rain_included>
        <Function test_high_uv>
        <Function test_muggy>
        <Function test_warnings_shown>
        <Function test_typhoon_signal>
        <Function test_missing_forecast_raises>
        <Function test_sunny_emoji>
    <Module test_base.py>
      <Function test_base_placeholder>
    <Module test_boc.py>
      <Class TestExtractMetadata>
        <Function test_extracts_all_fields>
        <Function test_extracts_credit_limit>
        <Function test_extracts_negative_balance>
        <Function test_extracts_zero_balance>
        <Function test_extracts_minimum_due>
        <Function test_extracts_statement_date>
        <Function test_extracts_due_date>
        <Function test_default_card_name>
        <Function test_empty_text_returns_defaults>
        <Function test_stops_at_balance_bf>
        <Function test_stops_at_gift_points>
        <Function test_period_end_from_statement_date>
        <Function test_handles_comma_in_amounts>
      <Class TestParseTransactions>
        <Function test_parses_basic_transaction>
        <Function test_parses_credit_transaction>
        <Function test_excludes_pps_payment>
        <Function test_includes_non_pps_credits>
        <Function test_skips_balance_bf_line>
        <Function test_skips_current_balance_line>
        <Function test_skips_odd_cents_line>
        <Function test_skips_last_item_line>
        <Function test_parses_multiple_transactions>
        <Function test_handles_comma_in_amounts>
        <Function test_merchant_is_cleaned>
        <Function test_empty_text_returns_empty_list>
        <Function test_no_statement_date_uses_current_year>
      <Class TestParseShortDate>
        <Function test_parses_basic_date>
        <Function test_handles_cross_year_transaction>
        <Function test_same_month_transaction>
        <Function test_no_statement_date>
        <Function test_february_date>
        <Function test_all_months>
      <Class TestExtractBalanceBf>
        <Function test_extracts_balance>
        <Function test_returns_negative>
        <Function test_handles_comma>
        <Function test_no_balance_returns_zero>
        <Function test_empty_text_returns_zero>
      <Class TestExtractPayments>
        <Function test_extracts_single_payment>
        <Function test_sums_multiple_payments>
        <Function test_ignores_non_pps_credits>
        <Function test_ignores_pps_without_cr>
        <Function test_handles_comma_in_amounts>
        <Function test_no_payments_returns_zero>
        <Function test_empty_text_returns_zero>
      <Class TestExtractOddCents>
        <Function test_extracts_odd_cents_credit>
        <Function test_extracts_odd_cents_debit>
        <Function test_handles_larger_amounts>
        <Function test_no_odd_cents_returns_zero>
        <Function test_empty_text_returns_zero>
      <Class TestCleanMerchant>
        <Function test_removes_hong_kong_hkg>
        <Function test_removes_truncated_hong_kong>
        <Function test_removes_country_codes>
        <Function test_collapses_multiple_spaces>
        <Function test_strips_whitespace>
        <Function test_returns_simple_name_unchanged>
        <Function test_empty_string_returns_empty>
      <Class TestExtractBoc>
        <Function test_returns_metadata_and_transactions>
        <Function test_excludes_payments_from_transactions>
        <Function test_sets_period_start_from_earliest_transaction>
        <Function test_balance_mismatch_raises_value_error>
        <Function test_handles_multiple_pages>
        <Function test_handles_none_extract_text>
        <Function test_validates_balance_calculation>
      <Class TestEdgeCases>
        <Function test_clean_merchant_removes_two_letter_codes>
        <Function test_clean_merchant_removes_three_letter_codes>
        <Function test_parse_transactions_with_pps_lowercase>
        <Function test_extract_metadata_partial_hkd_values>
        <Function test_cross_year_date_inference>
        <Function test_empty_transactions_list>
      <Class TestTransactionPattern>
        <Function test_valid_transaction_format>
        <Function test_valid_transaction_with_cr>
        <Function test_invalid_date_format_not_matched>
        <Function test_missing_amount_not_matched>
        <Function test_amount_without_decimals_not_matched>
    <Module test_browse.py>
      <Class TestRunCommand>
        <Function test_returns_stripped_stdout>
        <Function test_returns_none_on_empty_stdout>
        <Function test_returns_none_on_called_process_error>
        <Function test_returns_none_on_generic_exception>
      <Class TestCLIArgs>
        <Function test_no_args_prints_doc_and_exits_1>
        <Function test_help_flag_exits_0>
        <Function test_h_flag_exits_0>
        <Function test_too_many_args_exits_1>
      <Class TestFallbackChain>
        <Function test_defuddle_succeeds_prints_output>
        <Function test_defuddle_empty_curl_html2text_succeeds>
        <Function test_both_fail_prints_needs_browser>
        <Function test_defuddle_fails_curl_succeeds_html2text_empty>
        <Function test_defuddle_fails_curl_fails_html2text_unreachable>
        <Function test_defuddle_empty_curl_succeeds_html2text_raises>
      <Class TestSubprocessCalls>
        <Function test_defuddle_called_with_url>
        <Function test_curl_called_with_url>
        <Function test_html2text_receives_html_via_stdin>
      <Class TestRunCommandParams>
        <Function test_run_command_uses_timeout>
        <Function test_run_command_uses_text_mode>
        <Function test_run_command_captures_output>
        <Function test_run_command_timeout_expired_returns_none>
        <Function test_run_command_returns_none_on_whitespace_only>
      <Class TestDefuddleWhitespaceFallback>
        <Function test_defuddle_whitespace_falls_to_curl>
        <Function test_defuddle_whitespace_curl_empty_needs_browser>
      <Class TestURLHandling>
        <Function test_url_with_query_params>
        <Function test_url_with_fragment>
        <Function test_url_with_unicode>
        <Function test_curl_receives_url_with_special_chars>
      <Class TestHtml2TextParams>
        <Function test_html2text_uses_check_true>
        <Function test_html2text_uses_text_and_capture>
        <Function test_html2text_uses_timeout>
      <Class TestCLISubprocess>
        <Function test_no_args_exits_nonzero>
        <Function test_no_args_shows_usage>
        <Function test_help_flag_exits_zero>
        <Function test_file_is_executable>
      <Class TestNameGuard>
        <Function test_main_guard_present>
        <Function test_main_called_from_guard>
    <Module test_browser.py>
      <Function test_browser_placeholder>
    <Module test_browser_effector.py>
      <Function test_parser_fetch_subcommand>
      <Function test_parser_all_options>
      <Function test_parser_defaults>
      <Function test_parser_no_subcommand_exits>
      <Function test_fetch_plain_text_output>
      <Function test_fetch_json_output>
      <Function test_fetch_passes_all_options>
      <Function test_fetch_defaults>
      <Function test_fetch_error_exits>
      <Function test_fetch_generic_error_exits>
      <Function test_format_output_text>
      <Function test_format_output_missing_text>
      <Function test_format_output_json>
      <Function test_format_output_json_unicode>
      <Function test_main_returns_zero_on_success>
      <Function test_main_unknown_command>
      <Function test_fetch_empty_result>
      <Function test_fetch_result_with_only_status>
      <Function test_fetch_json_with_all_fields>
      <Function test_format_output_empty_dict>
      <Function test_format_output_json_empty>
      <Function test_format_output_json_special_chars>
      <Function test_parser_missing_url>
      <Function test_parser_wait_non_integer>
      <Function test_parser_wait_negative>
      <Function test_parser_relative_path_cookies>
      <Function test_parser_url_without_scheme>
      <Function test_fetch_timeout_error>
      <Function test_fetch_returns_coroutine_not_awaited>
      <Function test_do_fetch_forwards_args>
      <Function test_browser_effector_cli_help_flag>
      <Function test_cli_no_args_exits_1>
    <Module test_browser_stealth.py>
      <Function test_placeholder>
    <Module test_bud.py>
      <Function test_default_values>
      <Function test_custom_values_parsed>
      <Function test_success_normal_output>
      <Function test_success_json_output>
      <Function test_failure_normal>
      <Function test_timeout_handled_correctly>
      <Function test_command_constructed_correctly>
      <Function test_default_project_dir_correct>
    <Module test_capco_prep.py>
      <Class TestBasics>
        <Function test_file_exists>
        <Function test_shebang>
        <Function test_has_docstring>
      <Class TestConstants>
        <Function test_stale_days>
        <Function test_supported_extensions>
        <Function test_capco_dir_set>
      <Class TestGetFileInfo>
        <Function test_basic_file>
        <Function test_stale_file>
        <Function test_fresh_file>
        <Function test_size_calculation>
      <Class TestListCapcoDocs>
        <Function test_empty_dir>
        <Function test_nonexistent_dir>
        <Function test_lists_supported_files>
        <Function test_ignores_unsupported_extensions>
        <Function test_sorted_newest_first>
        <Function test_walks_subdirectories>
        <Function test_mixed_fresh_and_stale>
      <Class TestReadinessChecklist>
        <Function test_prints_header>
        <Function test_prints_stale_docs>
        <Function test_prints_fresh_docs>
        <Function test_checklist_items>
        <Function test_checkmark_when_docs_exist>
        <Function test_limits_fresh_display_to_10>
        <Function test_next_steps_with_stale>
      <Class TestMain>
        <Function test_empty_dir_exits_1>
        <Function test_stale_docs_exits_1>
        <Function test_all_fresh_exits_0>
        <Function test_mixed_exits_1>
      <Class TestCLI>
        <Function test_runs_and_reports>
    <Module test_case_study.py>
      <Function test_extract_section>
      <Function test_extract_metrics>
      <Function test_anonymise>
      <Function test_package_use_case>
      <Function test_package_use_case_anonymised>
      <Function test_package_missing_file>
      <Function test_case_study_to_car_arc>
      <Function test_case_study_to_executive_summary>
      <Function test_case_study_to_slide_notes>
      <Function test_list_use_cases>
      <Function test_generate_from_template_basic>
      <Function test_generate_from_template_with_metrics>
      <Function test_generate_from_template_with_domain_and_jurisdiction>
      <Function test_generate_from_template_to_executive_summary>
      <Function test_generate_from_template_to_car_arc>
      <Function test_generate_from_template_to_slide_notes>
      <Function test_generate_from_template_car_semantics>
    <Module test_catabolism.py>
      <Function test_catabolism_placeholder>
    <Module test_catabolism_actions.py>
      <Function test_catabolism_actions_unknown_action>
      <Function test_spending_action>
      <Function test_confirm_action>
    <Module test_categories.py>
      <Class TestRestoreCategories>
        <Function test_file_not_exists_returns_empty_dict>
        <Function test_valid_yaml_returns_map>
        <Function test_invalid_yaml_returns_empty>
      <Class TestCategorise>
        <Function test_no_match_returns_uncategorised>
        <Function test_exact_match>
        <Function test_prefix_match_case_insensitive>
        <Function test_first_match_wins>
    <Module test_ccba.py>
      <Class TestTxnPattern>
        <Function test_basic_transaction>
        <Function test_credit_transaction>
        <Function test_amount_with_commas>
        <Function test_dates_adjacent_to_amount>
        <Function test_dates_adjacent_to_cr>
        <Function test_merchant_with_spaces>
        <Function test_no_match_without_hkd>
        <Function test_no_match_without_dates>
      <Class TestCleanMerchant>
        <Function test_basic_name>
        <Function test_removes_trailing_reference_numbers>
        <Function test_keeps_short_numbers>
        <Function test_removes_trailing_country_codes>
        <Function test_keeps_country_codes_in_middle>
        <Function test_collapses_multiple_spaces>
        <Function test_combined_cleaning>
        <Function test_strips_whitespace>
      <Class TestExtractMetadata>
        <Function test_extracts_all_fields>
        <Function test_fullwidth_colon_in_statement_date>
        <Function test_regular_colon_in_statement_date>
        <Function test_missing_statement_date>
        <Function test_missing_limits_defaults_to_zero>
        <Function test_missing_card_summary>
        <Function test_period_derived_from_statement_date>
        <Function test_period_start_from_transaction_dates>
      <Class TestParseTransactions>
        <Function test_basic_charge>
        <Function test_credit_transaction>
        <Function test_payment_excluded>
        <Function test_payment_not_cr_included>
        <Function test_cross_border_fee_merged>
        <Function test_cross_border_fee_alternate_name>
        <Function test_cross_border_fee_without_preceding>
        <Function test_foreign_currency_parsed>
        <Function test_foreign_currency_various_currencies>
        <Function test_merchant_cleaned>
        <Function test_multiple_transactions>
        <Function test_bonus_point_summary_removed>
        <Function test_non_transaction_lines_ignored>
        <Function test_returns_consumption_events>
      <Class TestExtractCcba>
        <Function test_returns_meta_and_transactions>
        <Function test_balance_validation_success>
        <Function test_balance_validation_failure>
        <Function test_multiple_pages_concatenated>
        <Function test_empty_page_text_handled>
        <Function test_balance_tolerance>
      <Class TestEdgeCases>
        <Function test_empty_text>
        <Function test_whitespace_only>
        <Function test_malformed_dates_ignored>
        <Function test_foreign_currency_line_without_match>
        <Function test_cross_border_fee_case_insensitive>
        <Function test_payment_case_insensitive>
    <Module test_centrosome.py>
      <Function test_centrosome_exists_and_is_executable>
      <Function test_centrosome_help>
      <Function test_centrosome_list_cases>
    <Module test_cg.py>
      <Class TestHelp>
        <Function test_help_flag_exits_zero>
        <Function test_help_output_contains_usage>
        <Function test_help_output_contains_description>
        <Function test_help_shows_env_requirement>
        <Function test_short_h_flag>
      <Class TestMissingKey>
        <Function test_missing_key_exits_nonzero>
        <Function test_missing_key_error_message>
      <Class TestInvocation>
        <Function test_sets_anthropic_api_key>
        <Function test_sets_anthropic_base_url>
        <Function test_unsets_anthropic_auth_token>
        <Function test_passes_model_flag>
        <Function test_passes_dangerously_skip_permissions>
        <Function test_passes_extra_args>
        <Function test_passes_multiple_args>
    <Module test_channel.py>
      <Function test_models_defined>
      <Function test_zhipu_models>
      <Function test_claude_path>
      <Function test_gate_returns_true_on_success>
      <Function test_gate_returns_false_on_failure>
      <Function test_gate_returns_false_on_exception>
      <Function test_gate_removes_claude_env_vars>
      <Function test_tissue_default_works_with_or_without_module>
      <Function test_record_silently_fails_on_import_error>
      <Function test_main_prints_help_on_no_args>
      <Function test_main_prints_help_on_help>
      <Function test_main_parses_explicit_model>
      <Function test_main_parses_organism_flag>
      <Function test_main_uses_glm_fallback_when_model_not_recognized>
      <Function test_main_uses_routed_model_from_tissue_routing>
      <Function test_zhipu_exits_when_no_api_key>
      <Function test_zhipu_sets_correct_env_vars>
      <Function test_non_zhipu_exits_when_gate_fails>
      <Function test_non_zhipu_removes_correct_env_vars>
      <Function test_main_passes_rest_args_through>
      <Function test_main_propagates_exit_code>
      <Function test_main_records_result>
    <Module test_chat_history.py>
      <Class TestExtractTextFromContent>
        <Function test_string_input>
        <Function test_empty_string>
        <Function test_list_with_text_blocks>
        <Function test_list_with_tool_use>
        <Function test_list_skips_tool_result>
        <Function test_list_skips_thinking_blocks>
        <Function test_empty_list>
        <Function test_none_input>
        <Function test_integer_input>
        <Function test_text_block_missing_text_key>
        <Function test_tool_use_without_name>
      <Class TestScanHistory>
        <Function test_scan_history_finds_prompts>
        <Function test_scan_history_filters_by_date>
        <Function test_scan_history_limit>
        <Function test_scan_history_limit_zero_returns_all>
        <Function test_scan_history_sessions_grouped>
        <Function test_scan_history_missing_file>
        <Function test_scan_history_tool_filter>
        <Function test_scan_history_unknown_tool_returns_empty>
        <Function test_scan_history_uses_prompt_fallback>
        <Function test_scan_history_skips_non_int_timestamps>
      <Class TestSearchPrompts>
        <Function test_search_finds_matching_prompts>
        <Function test_search_is_case_insensitive>
        <Function test_search_respects_date_range>
        <Function test_search_no_results>
        <Function test_search_respects_limit>
        <Function test_search_tool_filter>
        <Function test_search_results_sorted_by_timestamp_desc>
        <Function test_search_snippet_has_ellipsis>
        <Function test_search_skips_empty_prompts>
      <Class TestSearchTranscripts>
        <Function test_search_transcripts_finds_user_message>
        <Function test_search_transcripts_finds_assistant_message>
        <Function test_search_transcripts_skips_non_user_assistant>
        <Function test_search_transcripts_respects_date_range>
        <Function test_search_transcripts_no_projects_dir>
        <Function test_search_transcripts_handles_malformed_json>
      <Class TestScanOpencode>
        <Function test_scan_opencode_finds_prompts>
        <Function test_scan_opencode_no_storage_dir>
        <Function test_scan_opencode_filters_by_date>
        <Function test_scan_opencode_skips_non_user_messages>
        <Function test_scan_opencode_handles_malformed_session>
      <Class TestPrintResults>
        <Function test_print_results_basic>
        <Function test_print_results_error>
        <Function test_print_results_empty_sessions>
        <Function test_print_results_full_mode>
        <Function test_print_results_truncates_long_prompts>
      <Class TestPrintSearchResults>
        <Function test_print_search_no_matches>
        <Function test_print_search_with_matches>
        <Function test_print_search_deep_mode>
        <Function test_print_search_prompt_mode_no_role>
      <Class TestCLI>
        <Function test_help_flag>
        <Function test_h_flag>
        <Function test_specific_date_json>
        <Function test_invalid_date_format>
        <Function test_today_default>
        <Function test_yesterday>
        <Function test_search_mode_json>
        <Function test_full_flag_json>
        <Function test_no_full_flag_json_omits_all_prompts>
        <Function test_search_specific_date_invalid>
        <Function test_search_deep_mode>
        <Function test_search_with_specific_date>
        <Function test_search_with_days_flag>
        <Function test_today_explicit>
        <Function test_search_deep_json>
        <Function test_search_human_readable_output>
      <Class TestScanHistoryEdgeCases>
        <Function test_scan_history_multiple_tools>
        <Function test_scan_history_sessions_time_range>
        <Function test_scan_history_malformed_json_line>
      <Class TestSearchTranscriptsEdgeCases>
        <Function test_search_transcripts_list_content>
        <Function test_search_transcripts_empty_content_skipped>
        <Function test_search_transcripts_no_timestamp_skipped>
        <Function test_search_transcripts_session_id_fallback>
        <Function test_search_transcripts_sorts_by_timestamp_desc>
      <Class TestScanOpencodeEdgeCases>
        <Function test_scan_opencode_multi_part_prompt>
        <Function test_scan_opencode_fallback_to_updated_time>
        <Function test_scan_opencode_no_message_dir>
        <Function test_scan_opencode_no_part_dir>
      <Class TestSearchPromptsEdgeCases>
        <Function test_search_prompts_opencode_tool_filter>
        <Function test_search_prompts_unknown_tool_returns_empty>
        <Function test_search_prompts_regex_pattern>
        <Function test_search_prompts_match_fields>
      <Class TestExtractTextFromContentEdgeCases>
        <Function test_mixed_block_types>
        <Function test_nested_dict_in_list>
    <Module test_check.py>
      <Function test_check_placeholder>
    <Module test_checkpoint.py>
      <Function test_approve_sourced_automated>
      <Function test_block_no_description>
      <Function test_block_wrong_category_presence>
      <Function test_block_wrong_category_sharpening>
      <Function test_block_phantom_unsourced>
      <Function test_allow_phantom_when_sourced>
      <Function test_block_linkedin_draft>
      <Function test_allow_code_task>
      <Function test_block_non_automated_heuristic_family>
      <Function test_allow_automated_category_override>
      <Function test_phantom_conference>
      <Function test_phantom_linkedin>
      <Function test_phantom_self_audit>
      <Function test_not_phantom_code>
      <Function test_not_phantom_research>
      <Function test_phantom_reason_returns_pattern>
      <Function test_phantom_reason_empty_for_safe>
      <Function test_study_task>
      <Function test_physical_action>
      <Function test_verify_complete>
      <Function test_not_study>
      <Function test_terry_tag_under_cap>
      <Function test_terry_tag_at_cap>
      <Function test_terry_tag_study_blocked>
      <Function test_sweep_finds_phantom>
      <Function test_sweep_ignores_completed>
      <Function test_sweep_ignores_non_terry>
    <Module test_chemoreception.py>
      <Class TestScriptStructure>
        <Function test_script_exists>
        <Function test_has_python_shebang>
        <Function test_has_main_guard>
      <Class TestConstants>
        <Function test_reference_dir_under_home>
        <Function test_debounce_seconds_is_positive>
        <Function test_top_k_is_positive>
        <Function test_min_score_is_positive>
        <Function test_stop_words_is_set>
        <Function test_skip_patterns_is_set>
      <Class TestTokenize>
        <Function test_extracts_meaningful_words>
        <Function test_filters_stop_words>
        <Function test_filters_short_words>
        <Function test_lowercase>
        <Function test_empty_string>
        <Function test_hyphenated_words>
        <Function test_underscores_preserved>
        <Function test_numbers_in_tokens>
      <Class TestDebounce>
        <Function test_should_debounce_when_recent>
        <Function test_should_not_debounce_when_stale>
        <Function test_should_not_debounce_when_no_file>
        <Function test_should_not_debounce_on_corrupt_file>
        <Function test_update_debounce_writes_timestamp>
        <Function test_update_debounce_creates_parent_dirs>
      <Class TestCollectDocuments>
        <Function test_collects_md_files>
        <Function test_skips_small_files>
        <Function test_skips_excluded_patterns>
        <Function test_collects_nested_files>
        <Function test_empty_dir>
        <Function test_nonexistent_dir>
      <Class TestScoreDocuments>
        <Function test_ranks_relevant_docs_higher>
        <Function test_empty_query>
        <Function test_empty_docs>
        <Function test_no_matching_docs>
        <Function test_respects_top_k>
        <Function test_scores_are_sorted_descending>
        <Function test_filename_boost>
      <Class TestFormatSuggestions>
        <Function test_formats_single_match>
        <Function test_formats_multiple_matches>
        <Function test_handles_missing_file_gracefully>
        <Function test_strips_frontmatter>
        <Function test_uses_filename_when_no_heading>
      <Class TestMain>
        <Function test_main_with_valid_prompt>
        <Function test_main_short_prompt_skipped>
        <Function test_main_no_prompt_skipped>
        <Function test_main_debounced_skipped>
        <Function test_main_invalid_json_skipped>
        <Function test_main_few_tokens_skipped>
        <Function test_main_no_docs_skipped>
        <Function test_main_output_contains_reference_suggestions>
      <Class TestSubprocessExecution>
        <Function test_script_runs_with_empty_stdin>
        <Function test_script_runs_with_valid_json>
    <Module test_chemoreceptor.py>
      <Class TestGetToken>
        <Function test_env_var>
        <Function test_keychain_fallback>
        <Function test_no_token_raises>
      <Class TestKeychainToken>
        <Function test_success>
        <Function test_failure>
        <Function test_exception>
      <Class TestDateHelpers>
        <Function test_today_date>
        <Function test_week_start_date>
    <Module test_chromatin.py>
      <Function test_type_counts>
      <Function test_stale_marks>
      <Function test_module_level_functions_exist>
    <Module test_chromatin_backup.py>
      <Class TestHelpFlag>
        <Function test_help_flag_shows_usage>
        <Function test_short_help_flag>
        <Function test_help_mentions_chromatin>
      <Class TestMissingDirectory>
        <Function test_exits_when_chromatin_dir_missing>
        <Function test_exits_when_epigenome_missing>
      <Class TestNoChanges>
        <Function test_exits_0_when_no_changes>
        <Function test_no_commit_when_clean>
      <Class TestCommitAndPush>
        <Function test_commits_new_file>
        <Function test_commits_modified_file>
        <Function test_commit_message_includes_timestamp>
        <Function test_commits_deleted_file>
      <Class TestStagedChanges>
        <Function test_commits_pre_staged_files>
      <Class TestEdgeCases>
        <Function test_empty_git_dir_exits_gracefully>
        <Function test_git_fetch_fails_gracefully>
        <Function test_subdirectory_changes>
        <Function test_unicode_content>
        <Function test_multiple_files>
        <Function test_large_file>
        <Function test_hidden_file>
        <Function test_no_args_runs_normally>
      <Class TestPushVerification>
        <Function test_push_updates_remote>
        <Function test_push_multiple_commits>
      <Class TestRebaseSync>
        <Function test_rebases_on_remote_changes>
        <Function test_merge_fallback_on_conflict>
        <Function test_no_rebase_when_up_to_date>
      <Class TestAdditionalEdgeCases>
        <Function test_binary_file_commit>
        <Function test_empty_file_commit>
        <Function test_gitignore_respected>
        <Function test_whitespace_only_change_no_commit>
        <Function test_mixed_staged_and_unstaged>
        <Function test_deeply_nested_directory>
        <Function test_commit_message_date_format>
        <Function test_file_with_spaces_in_name>
    <Module test_chromatin_decay_report.py>
      <Class TestBasics>
        <Function test_file_exists>
        <Function test_shebang>
        <Function test_has_docstring>
      <Class TestParseFrontmatter>
        <Function test_valid>
        <Function test_no_frontmatter>
        <Function test_invalid_yaml>
        <Function test_empty>
        <Function test_empty_frontmatter_block>
      <Class TestFindWikilinks>
        <Function test_basic>
        <Function test_alias>
        <Function test_subpath>
        <Function test_no_links>
        <Function test_dedup>
        <Function test_mixed>
      <Class TestShouldExclude>
        <Function test_archive>
        <Function test_templates>
        <Function test_obsidian>
        <Function test_normal>
        <Function test_exclude_patterns_constant>
      <Class TestMain>
        <Function test_empty_dir>
        <Function test_indexes_notes>
        <Function test_orphan_detection>
        <Function test_no_orphans_when_mutually_linked>
        <Function test_daily_notes_not_orphans>
        <Function test_hub_files_excluded_from_orphans>
        <Function test_cold_note_detected>
        <Function test_recent_note_not_cold>
        <Function test_excludes_archive>
        <Function test_truncates_many_orphans>
        <Function test_access_tracking_displayed>
        <Function test_all_hub_files_excluded_from_orphans>
        <Function test_wikilink_heading_fragment_stripped>
        <Function test_subpath_link_resolves_to_stem>
        <Function test_invalid_last_accessed_date_ignored>
        <Function test_mixed_scenario>
        <Function test_excludes_templates_and_obsidian>
        <Function test_cold_note_reports_days>
      <Class TestCLI>
        <Function test_runs_without_error>
    <Module test_chromatin_organelle.py>
      <Function test_chromatin_organelle_parse_frontmatter_basic>
      <Function test_chromatin_organelle_parse_frontmatter_empty>
      <Function test_parse_frontmatter_empty_value>
      <Function test_parse_frontmatter_colons_in_value>
      <Function test_index_empty_dir>
      <Function test_index_loads_files>
      <Function test_index_filter_by_category>
      <Function test_index_filter_nonexistent_category>
      <Function test_index_filter_by_source>
      <Function test_index_regex_filter>
      <Function test_index_limit>
      <Function test_index_reload>
      <Function test_index_invalidate>
      <Function test_index_missing_dir>
    <Module test_chromatin_stats.py>
      <Function test_chromatin_stats_placeholder>
    <Module test_cibus.py>
      <Class TestResolveId>
        <Function test_exact_match>
        <Function test_case_insensitive>
        <Function test_stripped_whitespace>
        <Function test_substring_match>
        <Function test_empty_returns_none>
        <Function test_unknown_returns_none>
        <Function test_district_exact>
        <Function test_district_alias>
        <Function test_chinese_cuisine>
        <Function test_ambiguous_prints_to_stderr>
      <Class TestFetch>
        <Function test_basic_fetch_parses_json>
        <Function test_fetch_sends_cuisine_param>
        <Function test_fetch_sends_all_params>
        <Function test_fetch_no_filters_no_params_in_url>
        <Function test_fetch_html_response_exits>
      <Class TestCurrentHours>
        <Function test_closed>
        <Function test_24hr>
        <Function test_normal_hours>
        <Function test_no_hours_data>
        <Function test_different_day>
      <Class TestFormatTable>
        <Function test_empty_results>
        <Function test_single_result>
        <Function test_multiple_results_numbered>
        <Function test_has_header_and_separator>
      <Class TestListOptions>
        <Function test_prints_cuisines_and_districts>
      <Class TestMain>
        <Function test_list_flag>
        <Function test_no_args_exits>
        <Function test_cuisine_and_area_query>
        <Function test_json_output>
        <Function test_positional_shorthand>
        <Function test_unknown_cuisine_exits>
        <Function test_fetch_error_exits>
        <Function test_budget_passed_to_fetch>
        <Function test_rows_passed_to_fetch>
      <Class TestConstants>
        <Function test_price_labels>
        <Function test_cuisines_has_common_entries>
        <Function test_districts_has_common_entries>
        <Function test_api_url_https>
    <Module test_circadian.py>
      <Class TestCircadianList>
        <Function test_list_returns_events>
        <Function test_list_with_custom_date>
      <Class TestCircadianSet>
        <Function test_set_creates_event>
        <Function test_set_calculates_duration>
        <Function test_set_ignores_description_and_location>
        <Function test_set_missing_params_returns_error>
      <Class TestCircadianMove>
        <Function test_move_reschedules_event>
        <Function test_move_missing_params_returns_error>
      <Class TestCircadianDelete>
        <Function test_delete_cancels_event>
        <Function test_delete_missing_event_id_returns_error>
      <Class TestCircadianSleep>
        <Function test_sleep_returns_sleep_data>
        <Function test_sleep_with_week_period>
      <Class TestCircadianHeartrate>
        <Function test_heartrate_returns_data>
        <Function test_heartrate_with_defaults>
      <Class TestCircadianUnknownAction>
        <Function test_unknown_action_returns_error>
        <Function test_action_is_case_insensitive>
    <Module test_circadian_clock.py>
      <Class TestIsWeekend>
        <Function test_saturday>
        <Function test_sunday>
        <Function test_weekday>
      <Class TestDetectPhase>
        <Function test_dawn>
        <Function test_day>
        <Function test_dusk>
        <Function test_night>
        <Function test_early_morning_is_night>
        <Function test_weekend_flag>
        <Function test_workday_flag>
        <Function test_holiday_flag>
      <Class TestIsHoliday>
        <Function test_holiday_detected>
        <Function test_no_holiday>
        <Function test_gog_failure_returns_false>
        <Function test_chinese_holiday_keyword>
    <Module test_circadian_probe.py>
      <Function test_chromatin_path>
      <Function test_memory_dir_path>
      <Function test_praxis_file_path>
      <Function test_prospective_file_path>
      <Function test_exclude_dirs_contains_expected>
      <Function test_stale_days_default>
      <Function test_scan_stale_notes_returns_list>
      <Function test_scan_stale_notes_with_mocked_chromatin>
      <Function test_scan_stale_notes_excludes_hidden_files>
      <Function test_scan_stale_notes_excludes_obsidian_dir>
      <Function test_scan_stale_notes_returns_days_stale>
      <Function test_scan_stale_notes_sorts_by_days_stale>
      <Function test_scan_orphan_links_returns_list>
      <Function test_scan_orphan_links_handles_timeout>
      <Function test_scan_orphan_links_handles_file_not_found>
      <Function test_scan_orphan_links_parses_output>
      <Function test_scan_orphan_links_handles_nonzero_exit>
      <Function test_scan_overdue_todos_returns_list>
      <Function test_scan_overdue_todos_no_file>
      <Function test_scan_overdue_todos_finds_overdue>
      <Function test_scan_overdue_todos_ignores_future_dates>
      <Function test_scan_overdue_todos_ignores_completed>
      <Function test_scan_overdue_todos_ignores_no_date>
      <Function test_scan_overdue_todos_calculates_days_late>
      <Function test_scan_prospective_memory_returns_list>
      <Function test_scan_prospective_memory_no_file>
      <Function test_scan_prospective_memory_finds_any_session>
      <Function test_scan_prospective_memory_finds_next_session>
      <Function test_scan_prospective_memory_ignores_inactive_section>
      <Function test_scan_prospective_memory_finds_date_proximity>
      <Function test_scan_prospective_memory_deduplicates>
      <Function test_scan_prospective_memory_truncates_long_actions>
      <Function test_build_digest_returns_string>
      <Function test_build_digest_includes_header>
      <Function test_build_digest_structure>
      <Function test_build_digest_healthy_when_no_issues>
      <Function test_build_digest_includes_stale_section>
      <Function test_build_digest_includes_orphan_section>
      <Function test_build_digest_includes_overdue_section>
      <Function test_build_digest_includes_prospective_section>
      <Function test_send_via_telegram_success>
      <Function test_send_via_telegram_failure>
      <Function test_send_via_telegram_handles_import_error>
      <Function test_circadian_probe_cli_runs>
      <Function test_circadian_probe_cli_outputs_digest>
      <Function test_circadian_probe_cli_exits_on_telegram_failure>
      <Function test_config_stale_days>
      <Function test_max_stale_report_limit>
      <Function test_max_orphan_report_limit>
    <Module test_circulation.py>
      <Class TestCirculationStateKeys>
        <Function test_has_all_required_keys>
        <Function test_budget_status_accepts_strings>
        <Function test_mode_accepts_valid_values>
      <Class TestConstants>
        <Function test_checkpoint_db_under_vivesca>
        <Function test_north_star_path_is_markdown>
        <Function test_model_names_are_known>
        <Function test_manifest_path_under_tmp>
        <Function test_report_dir_exists>
      <Class TestShouldContinue>
        <Function test_continues_when_should_stop_false>
        <Function test_reports_when_should_stop_true>
        <Function test_defaults_to_continue_when_key_missing>
      <Class TestCheckpointNode>
        <Function test_green_budget_continues>
        <Function test_red_budget_stops>
        <Function test_yellow_budget_stops>
        <Function test_no_goals_stops>
        <Function test_manifest_written>
      <Class TestPreflight>
        <Function test_budget_green_by_default>
        <Function test_budget_red_on_catabolic>
        <Function test_budget_yellow_on_homeostatic>
        <Function test_systole_increments>
        <Function test_north_stars_truncated_at_3000>
      <Class TestCheckpointerFactory>
        <Function test_in_memory_when_not_persistent>
      <Class TestGraphStructure>
        <Function test_graph_builds_without_error>
        <Function test_graph_has_all_nodes>
    <Module test_ck.py>
      <Class TestNoApiKey>
        <Function test_exits_with_error_when_no_key_found>
        <Function test_uses_env_var_when_provided>
      <Class TestClaudeNotFound>
        <Function test_exits_with_error_when_claude_not_found>
      <Class TestEnvironmentVariables>
        <Function test_sets_correct_anthropic_env_vars>
        <Function test_creates_kimi_home_dir>
      <Class TestClaudeResolution>
        <Function test_uses_claude_from_path>
        <Function test_passes_additional_args_to_claude>
      <Class TestCredentialFile>
        <Function test_reads_from_config_file_if_exists>
    <Module test_cleanup_stuck.py>
      <Class TestScriptProperties>
        <Function test_file_exists>
        <Function test_is_executable>
        <Function test_has_bash_shebang>
      <Class TestOutputMessages>
        <Function test_pyenv_message>
        <Function test_claude_message>
        <Function test_playwright_message>
        <Function test_process_count_line>
        <Function test_done_message>
      <Class TestPkillCalls>
        <Function test_pkill_pyenv>
        <Function test_pkill_node_claude>
        <Function test_pkill_python_agent>
        <Function test_pkill_playwright>
        <Function test_pkill_chromium>
        <Function test_pkill_uses_sigkill>
        <Function test_pkill_call_count>
      <Class TestResilience>
        <Function test_exits_0_when_no_matching_processes>
        <Function test_exits_0_on_success>
        <Function test_stderr_suppressed_on_pkill>
    <Module test_cli.py>
      <Function test_cli_version>
      <Function test_cli_init_creates_project>
      <Function test_cli_add_tool_in_project>
      <Function test_cli_check_passes_for_valid_project>
      <Function test_cli_init_then_add_then_check_roundtrip>
    <Module test_client_brief.py>
      <Class TestReadFrontmatter>
        <Function test_valid_frontmatter>
        <Function test_no_frontmatter>
        <Function test_empty_string>
        <Function test_invalid_yaml>
      <Class TestShouldSkip>
        <Function test_excludes_obsidian>
        <Function test_excludes_git>
        <Function test_excludes_archive>
        <Function test_passes_normal_path>
      <Class TestTokenize>
        <Function test_splits_and_lowercases>
        <Function test_removes_short_tokens>
        <Function test_empty_input>
      <Class TestCompanyTokens>
        <Function test_single_word>
        <Function test_multi_word>
        <Function test_strips_punctuation>
      <Class TestExtractSnippets>
        <Function test_finds_matching_lines>
        <Function test_respects_max_snippets>
        <Function test_skips_frontmatter_delimiter>
        <Function test_no_match>
      <Class TestSearchChromatin>
        <Function test_finds_relevant_files>
        <Function test_ranks_by_score>
        <Function test_empty_query>
        <Function test_no_results>
        <Function test_respects_top_k>
        <Function test_skips_excluded_dirs>
      <Class TestDetectIndustry>
        <Function test_detects_banking>
        <Function test_detects_consulting>
        <Function test_unknown>
      <Class TestDetectSize>
        <Function test_detects_global>
        <Function test_unknown>
      <Class TestSummariseAiPosture>
        <Function test_detects_governance>
        <Function test_detects_genai>
        <Function test_detects_sandbox>
        <Function test_no_evidence>
      <Class TestFindConsultingOpportunities>
        <Function test_detects_regulatory>
        <Function test_detects_aml>
        <Function test_fallback>
      <Class TestGenerateBrief>
        <Function test_produces_markdown>
        <Function test_empty_hits>
        <Function test_includes_sources>
      <Class TestCli>
        <Function test_no_args_exits>
        <Function test_no_results_exits_cleanly>
        <Function test_normal_run>
    <Module test_cn_route.py>
      <Class TestRouteCmd>
        <Function test_root_no_sudo>
        <Function test_nonroot_needs_sudo>
      <Class TestResolve>
        <Function test_returns_only_ips_skips_cnames>
        <Function test_empty_returns_empty_list>
        <Function test_only_cnames_returns_empty>
        <Function test_whitespace_stripped>
        <Function test_blank_lines_skipped>
      <Class TestLanGateway>
        <Function test_finds_default_gateway_on_en_interface>
        <Function test_ignores_non_en_default_gateway>
        <Function test_no_default_returns_none>
        <Function test_prefers_first_en_interface>
      <Class TestCurrentZhipuRoutes>
        <Function test_finds_routes_for_resolved_ips>
        <Function test_ignores_non_cnapi_ips>
        <Function test_empty_routes>
      <Class TestTailscaleExitActive>
        <Function test_active_when_exit_node_peer>
        <Function test_inactive_when_no_exit_node_peer>
        <Function test_inactive_on_json_error>
        <Function test_inactive_on_subprocess_error>
        <Function test_inactive_when_empty_peers>
      <Class TestCNAPIHosts>
        <Function test_has_expected_providers>
        <Function test_provider_present[bigmodel]>
        <Function test_provider_present[dashscope]>
        <Function test_provider_present[minimaxi]>
        <Function test_provider_present[infini-ai]>
        <Function test_provider_present[volces]>
        <Function test_no_duplicates>
        <Function test_all_strings>
      <Class TestAddRoutes>
        <Function test_no_gateway_exits>
        <Function test_no_ips_exits>
        <Function test_success_prints_added>
        <Function test_already_in_table>
        <Function test_failed_route>
        <Function test_deduplicates_ips_across_hosts>
      <Class TestRemoveRoutes>
        <Function test_removes_resolved_ips>
        <Function test_no_ips_still_completes>
      <Class TestShowStatus>
        <Function test_no_routes_no_exit>
        <Function test_exit_active_no_routes_warns>
        <Function test_direct_route_on_en>
        <Function test_tunneled_route_on_utun>
        <Function test_unresolvable_host_shown>
      <Class TestCLIDispatch>
        <Function test_command_routing[argv0-add_routes]>
        <Function test_command_routing[argv1-add_routes]>
        <Function test_command_routing[argv2-remove_routes]>
        <Function test_command_routing[argv3-show_status]>
        <Function test_unknown_command_prints_docstring>
    <Module test_coaching.py>
      <Function test_load_coaching_notes_parses>
      <Function test_load_coaching_notes_missing_file>
      <Function test_list_categories>
      <Function test_add_coaching_note_appends_to_existing>
      <Function test_add_coaching_note_creates_new_category>
      <Function test_search_coaching_finds_matches>
      <Function test_search_coaching_no_match>
    <Module test_coaching_cli.py>
      <Class TestCoachingList>
        <Function test_list_with_notes>
        <Function test_list_empty>
      <Class TestCoachingAdd>
        <Function test_add_note>
        <Function test_add_missing_options>
      <Class TestCoachingSearch>
        <Function test_search_results>
        <Function test_search_no_matches>
    <Module test_coaching_stats.py>
      <Class TestParseCoaching>
        <Function test_parses_categories_and_bullets>
        <Function test_empty_coaching_file>
      <Class TestLoadJsonl>
        <Function test_loads_valid_entries>
        <Function test_skips_malformed_lines>
      <Class TestLoadDaemonFailures>
        <Function test_extracts_failures>
        <Function test_empty_daemon_log>
      <Class TestAnalysis>
        <Function test_provider_breakdown>
        <Function test_signal_detection>
      <Class TestTextReport>
        <Function test_report_has_sections>
      <Class TestMissingFiles>
        <Function test_all_paths_missing>
    <Module test_codons_templates.py>
      <Function test_research_basic>
      <Function test_research_with_context>
      <Function test_research_depth_quick>
      <Function test_research_depth_deep>
      <Function test_compose_signal_email>
      <Function test_compose_signal_whatsapp>
      <Function test_compose_signal_linkedin>
      <Function test_compose_signal_with_context>
      <Function test_morning_brief_basic>
      <Function test_morning_brief_with_focus>
      <Function test_morning_brief_with_budget>
    <Module test_codons_templates_unit.py>
      <Class TestResearchPrompt>
        <Function test_returns_string>
        <Function test_topic_included>
        <Function test_default_depth_standard>
        <Function test_depth_quick_includes_quick_lookup>
        <Function test_depth_deep_includes_expensive_warning>
        <Function test_unknown_depth_uses_standard>
        <Function test_context_included_when_provided>
        <Function test_context_block_not_included_when_empty>
        <Function test_output_format_sections>
        <Function test_concise_instruction>
      <Class TestComposeSignalPrompt>
        <Function test_returns_string>
        <Function test_recipient_included>
        <Function test_intent_included>
        <Function test_default_tone_professional>
        <Function test_custom_tone_included>
        <Function test_platform_whatsapp_description>
        <Function test_platform_linkedin_description>
        <Function test_platform_email_subject_requirement>
        <Function test_platform_telegram_description>
        <Function test_unknown_platform_fallback>
        <Function test_context_included_when_provided>
        <Function test_context_block_not_included_when_empty>
        <Function test_terry_voice_requirement>
        <Function test_front_stage_copy_requirement>
        <Function test_no_meta_commentary>
      <Class TestMorningBriefPrompt>
        <Function test_returns_string>
        <Function test_calendar_step_included>
        <Function test_jeeves_tone>
        <Function test_histone_search_step>
        <Function test_tonus_check>
        <Function test_focus_included_when_provided>
        <Function test_focus_block_not_included_when_empty>
        <Function test_budget_not_included_by_default>
        <Function test_budget_included_when_requested>
        <Function test_word_limit>
        <Function test_schedule_section>
        <Function test_priorities_section>
        <Function test_hkt_timezone>
        <Function test_no_emoji_instruction>
        <Function test_prose_over_bullets>
      <Class TestNoStaleReferences>
        <Function test_no_stale_tool_names_in_research[histone_search]>
        <Function test_no_stale_tool_names_in_morning_brief[histone_search]>
        <Function test_no_stale_tool_names_in_compose_signal[histone_search]>
        <Function test_no_stale_resource_uris_in_morning_brief[vivesca://calendar/today]>
        <Function test_valid_tools_present[rheotaxis_search-<lambda>]>
        <Function test_valid_tools_present[histone-<lambda>]>
        <Function test_valid_resource_uris_present[vivesca://circadian-<lambda>]>
        <Function test_valid_resource_uris_present[vivesca://budget-<lambda>]>
      <Class TestSyntax>
        <Function test_ast_parse>
    <Module test_com_vivesca_soma_pull_plist.py>
      <Function test_plist_file_exists>
      <Function test_plist_is_valid_xml>
      <Function test_plist_root_tag>
      <Function test_plist_has_dict_child>
      <Function test_plist_has_required_keys>
      <Function test_label_matches_filename>
      <Function test_program_arguments_is_list>
      <Function test_program_arguments_second_is_soma_pull>
      <Function test_soma_pull_script_exists>
      <Function test_soma_pull_is_executable>
      <Function test_start_interval_is_900>
      <Function test_run_at_load_is_true>
      <Function test_stdout_log_path>
      <Function test_stderr_log_path>
      <Function test_no_unexpected_keys>
    <Module test_commensal.py>
      <Class TestBasics>
        <Function test_file_exists>
        <Function test_shebang>
        <Function test_has_docstring>
      <Class TestConstants>
        <Function test_backends_defined>
        <Function test_pty_backends_subset>
        <Function test_timeout_floor_defined>
        <Function test_regex_patterns_compiled>
      <Class TestRegexCleaning>
        <Function test_ansi_re_strips_codes>
        <Function test_ctrl_re_strips_control>
        <Function test_tui_re_strips_tui_chars>
      <Class TestRunDirect>
        <Function test_run_direct_success>
        <Function test_run_direct_failure>
        <Function test_run_direct_timeout>
        <Function test_run_direct_removes_claudecode_env>
      <Class TestRunPty>
        <Function test_run_pty_success>
        <Function test_run_pty_failure>
        <Function test_run_pty_strips_ansi>
        <Function test_run_pty_timeout>
      <Class TestCLI>
        <Function test_help_flag>
        <Function test_missing_task_arg>
        <Function test_invalid_backend>
    <Module test_compaction_hook.py>
      <Function test_mod_auto_flush_clean_repos>
      <Function test_mod_auto_flush_dirty_repo>
      <Function test_mod_log_compaction_writes>
      <Function test_main_handles_empty_stdin>
    <Module test_compare.py>
      <Function test_compare_delta_str_increase>
      <Function test_compare_delta_str_decrease>
      <Function test_compare_delta_str_zero_base>
      <Function test_compare_delta_str_no_change>
      <Function test_session_stats_empty>
      <Function test_session_stats_all_success>
      <Function test_session_stats_mixed>
      <Function test_failure_reasons_extraction>
      <Function test_load_session_entries_nonexistent>
      <Function test_load_session_entries_from_file>
      <Function test_compare_sessions_both_empty>
      <Function test_compare_sessions_calculates_deltas>
      <Function test_format_compare_report>
    <Module test_complement.py>
      <Class TestAssembleMac>
        <Function test_no_hits_when_clean>
        <Function test_infection_only>
        <Function test_convergent_detection>
        <Function test_suppressed_keys>
        <Function test_healed_infections_excluded>
      <Class TestResolve>
        <Function test_quiescent_when_clean>
        <Function test_active_with_hits>
      <Class TestCoverageSummary>
        <Function test_empty_project_returns_zero_coverage>
        <Function test_single_module_with_test>
        <Function test_single_module_without_test>
        <Function test_ignores_init_py>
        <Function test_ignores_private_files>
        <Function test_secondary_test_pattern>
        <Function test_multiple_modules_mixed_coverage>
        <Function test_ignores_dot_directories>
        <Function test_module_info_structure>
        <Function test_no_assays_directory>
    <Module test_compound_engineering_status.py>
      <Class TestHelpFlag>
        <Function test_help_exits_zero>
        <Function test_h_short_flag_exits_zero>
        <Function test_help_shows_usage>
        <Function test_help_mentions_status>
        <Function test_help_exits_without_checking_log>
      <Class TestHeaderOutput>
        <Function test_prints_header>
        <Function test_prints_separator>
      <Class TestSchedulerDetectionLinux>
        <Function test_exits_zero>
        <Function test_reports_no_launchctl_on_linux>
        <Function test_detects_cron_job>
[...]
        <Function test_no_saturation>
        <Function test_with_saturation_default_penalty>
        <Function test_all_saturated>
        <Function test_custom_cost_per_systole>
        <Function test_zero_systoles>
      <Class TestFetchTelemetry>
        <Function test_returns_cached_data_within_ttl>
        <Function test_fetches_new_data_when_cache_expired>
        <Function test_returns_none_on_subprocess_failure>
        <Function test_returns_none_on_exception>
      <Class TestVasomotorSnapshot>
        <Function test_returns_weekly_and_sonnet>
        <Function test_returns_none_on_telemetry_failure>
        <Function test_handles_missing_fields>
      <Class TestHoursToReset>
        <Function test_calculates_hours_correctly>
        <Function test_returns_none_when_no_reset_time>
        <Function test_uses_fallback_from_file>
        <Function test_minimum_half_hour>
      <Class TestAssessVitalCapacity>
        <Function test_returns_false_on_unknown_budget>
        <Function test_returns_false_when_weekly_exceeds_ceiling>
        <Function test_returns_false_when_sonnet_exceeds_ceiling>
        <Function test_returns_false_when_weekly_near_limit>
        <Function test_returns_true_when_budget_ok>
        <Function test_oxygen_debt_relaxes_thresholds>
      <Class TestVasomotorStatus>
        <Function test_returns_green_under_95>
        <Function test_returns_yellow_at_95>
        <Function test_returns_red_at_98>
        <Function test_falls_back_to_cached_on_failure>
        <Function test_returns_unknown_on_all_failures>
      <Class TestCircadianState>
        <Function test_daily_systole_count_default>
        <Function test_breathe_increments_count>
        <Function test_breathe_tracks_saturation>
        <Function test_breathe_tracks_deltas>
        <Function test_wave_delta_backward_compat>
        <Function test_calibrate_circadian_sets_day_start>
        <Function test_calibrate_circadian_does_not_overwrite>
      <Class TestMeasuredCostPerSystole>
        <Function test_uses_today_deltas_when_available>
        <Function test_uses_default_when_insufficient_data>
        <Function test_minimum_cost_is_one_tenth>
      <Class TestApnea>
        <Function test_is_apneic_when_no_file>
        <Function test_is_apneic_when_time_passed>
        <Function test_is_apneic_when_time_future>
        <Function test_resume_breathing_removes_file>
        <Function test_induce_apnea_sets_skip_until>
        <Function test_induce_apnea_at_max_systoles_sets_midnight>
      <Class TestInteractivePressure>
        <Function test_returns_zero_when_no_activity>
        <Function test_returns_higher_pressure_with_high_activity>
        <Function test_pressure_capped_at_one>
        <Function test_pressure_floored_at_zero>
      <Class TestTidalVolume>
        <Function test_default_tidal_volume>
        <Function test_reduced_tidal_volume_under_pressure>
        <Function test_custom_genome_values>
      <Class TestVasomotorGenome>
        <Function test_returns_empty_dict_when_no_conf>
        <Function test_reads_json_conf>
        <Function test_handles_malformed_json>
      <Class TestMeasureYield>
        <Function test_counts_pulse_files>
        <Function test_counts_git_commits>
        <Function test_returns_summary>
      <Class TestRecordEvent>
        <Function test_writes_to_event_log>
      <Class TestEmitDistressSignal>
        <Function test_calls_secrete_text>
        <Function test_logs_on_failure>
      <Class TestAssessPacing>
        <Function test_returns_false_on_no_data>
        <Function test_returns_true_when_no_reset_info>
        <Function test_returns_false_when_pacing_exceeded>
        <Function test_returns_true_when_pacing_ok>
      <Class TestSendPacingAlertOnce>
        <Function test_sends_alert_first_time>
        <Function test_skips_alert_when_already_sent>
      <Class TestSelectReviewTier>
        <Function test_haiku_by_default>
        <Function test_opus_after_week>
        <Function test_sonnet_after_day>
        <Function test_ligand_overrides_clock>
      <Class TestDetectLigand>
        <Function test_no_ligand_normal_events>
        <Function test_opus_ligand_on_circuit_breaker>
        <Function test_sonnet_ligand_on_saturation>
      <Class TestSetRecoveryInterval>
        <Function test_sets_skip_until_file>
        <Function test_fallback_on_no_telemetry>
      <Class TestMigratePath>
        <Function test_renames_when_legacy_exists>
        <Function test_no_action_when_new_exists>
        <Function test_no_action_when_neither_exists>
    <Module test_vasomotor_core.py>
      <Class TestMigrationHelpers>
        <Function test_migrate_path_creates_new_from_legacy>
        <Function test_migrate_path_no_legacy_does_nothing>
        <Function test_migrate_path_new_already_exists_does_nothing>
      <Class TestOxygenDebt>
        <Function test_oxygen_debt_full_debt_below_6h>
        <Function test_oxygen_debt_zero_above_48h>
        <Function test_oxygen_debt_linear_midpoint>
        <Function test_oxygen_debt_clamped_within_bounds>
      <Class TestEffectiveBurn>
        <Function test_effective_burn_no_saturation>
        <Function test_effective_burn_all_saturated>
        <Function test_effective_burn_mixed>
        <Function test_effective_burn_custom_penalty_from_genome>
        <Function test_effective_burn_default_penalty_when_genome_empty>
      <Class TestHoursToReset>
        <Function test_hours_to_reset_uses_telemetry_when_available>
        <Function test_hours_to_reset_fallback_to_file>
        <Function test_hours_to_reset_returns_none_when_no_data>
        <Function test_hours_to_reset_returns_min_half_hour>
      <Class TestVasomotorSnapshot>
        <Function test_vasomotor_snapshot_extracts_correct_fields>
        <Function test_vasomotor_snapshot_defaults_zero_when_missing>
        <Function test_vasomotor_snapshot_returns_none_when_telemetry_none>
      <Class TestCircadianCalibration>
        <Function test_breathe_increments_count>
        <Function test_breathe_increments_saturated>
        <Function test_breathe_accepts_wave_delta>
      <Class TestTidalVolume>
        <Function test_tidal_volume_reduces_with_high_pressure>
      <Class TestVasomotorGenome>
        <Function test_vasomotor_genome_returns_empty_dict_when_file_missing>
        <Function test_vasomotor_genome_returns_parsed_json>
      <Class TestApneaCheck>
        <Function test_not_apneic_when_file_missing>
        <Function test_apneic_when_now_before_skip_until>
        <Function test_not_apneic_when_now_after_skip_until>
      <Class TestMeasuredCostPerSystole>
        <Function test_uses_today_isolated_deltas_when_enough_samples>
        <Function test_falls_back_to_default_when_few_samples_no_history>
        <Function test_never_drops_below_minimum>
      <Class TestFetchTelemetry>
        <Function test_fetch_telemetry_returns_parsed_json>
        <Function test_fetch_telemetry_returns_none_on_failure>
        <Function test_fetch_telemetry_uses_cache_within_ttl>
      <Class TestMeasureVasomotorTone>
        <Function test_measure_vasomotor_tone_delegates_to_fetch>
      <Class TestAssessVitalCapacity>
        <Function test_returns_false_when_telemetry_unavailable>
        <Function test_returns_false_when_weekly_exceeds_ceiling>
        <Function test_returns_false_when_sonnet_exceeds_ceiling>
        <Function test_returns_false_when_remaining_below_reserve>
        <Function test_returns_true_when_budget_ok>
      <Class TestVasomotorStatus>
        <Function test_returns_green_when_under_95>
        <Function test_returns_yellow_when_95_to_98>
        <Function test_returns_red_when_over_98>
        <Function test_returns_unknown_on_telemetry_failure>
      <Class TestRecordEvent>
        <Function test_record_event_writes_jsonl>
      <Class TestEmitDistressSignal>
        <Function test_emit_distress_signal_calls_secrete_text>
        <Function test_emit_distress_signal_handles_exception>
      <Class TestInduceApnea>
        <Function test_induce_apnea_sets_skip_until_midnight_on_cap>
        <Function test_induce_apnea_sets_one_hour_on_pacing>
      <Class TestResumeBreathing>
        <Function test_resume_breathing_deletes_skip_file>
      <Class TestSetRecoveryInterval>
        <Function test_set_recovery_uses_oxygen_debt>
      <Class TestCalibrateCircadian>
        <Function test_calibrate_circadian_sets_day_start_weekly>
        <Function test_calibrate_circadian_does_not_overwrite>
      <Class TestInteractivePressure>
        <Function test_interactive_pressure_blends_live_and_pattern>
        <Function test_interactive_pressure_uses_pattern_when_no_telemetry>
      <Class TestAssessPacing>
        <Function test_assess_pacing_returns_false_no_data>
        <Function test_assess_pacing_returns_true_no_reset_info>
        <Function test_assess_pacing_checks_burn_vs_budget>
      <Class TestDailyCounts>
        <Function test_daily_systole_count_returns_count>
        <Function test_daily_saturated_count_returns_count>
      <Class TestMeasureYield>
        <Function test_measure_yield_counts_pulse_files>
        <Function test_measure_yield_returns_summary>
      <Class TestSendPacingAlertOnce>
        <Function test_sends_alert_on_first_call_today>
        <Function test_no_alert_on_same_day>
    <Module test_vasomotor_sensor.py>
      <Class TestBudgetStatus>
        <Function test_safe>
        <Function test_caution>
        <Function test_warning>
        <Function test_danger>
        <Function test_accepts_tuple>
        <Function test_sonnet_drives_status>
        <Function test_empty_usage>
      <Class TestReadFallback>
        <Function test_no_files>
        <Function test_reads_last_entry>
    <Module test_vasomotor_substrate.py>
      <Class TestProtocol>
        <Function test_is_substrate>
        <Function test_has_name>
      <Class TestSense>
        <Function test_missing_events_file>
        <Function test_empty_events_file>
        <Function test_parses_systole_starts>
        <Function test_parses_saturation>
        <Function test_parses_pacing_check>
        <Function test_parses_cost_measured>
        <Function test_parses_systole_usage>
        <Function test_respects_days_window>
        <Function test_computes_max_gap>
        <Function test_handles_malformed_lines>
        <Function test_multiple_days_sorted>
      <Class TestCandidates>
        <Function test_empty_sensed>
        <Function test_overburn_detection>
        <Function test_saturation_detection>
        <Function test_no_saturation_at_30_percent>
        <Function test_starvation_detection>
        <Function test_volatility_detection>
        <Function test_no_volatility_with_stable_costs>
        <Function test_silence_detection>
        <Function test_no_silence_under_4h>
        <Function test_severity_escalation>
        <Function test_healthy_system_no_issues>
      <Class TestAct>
        <Function test_overburn_proposal>
        <Function test_saturation_proposal>
        <Function test_starvation_proposal>
        <Function test_volatility_proposal>
        <Function test_silence_proposal>
      <Class TestReport>
        <Function test_report_empty>
        <Function test_report_with_data>
        <Function test_report_healthy_shows_no_issues>
      <Class TestFullCycle>
        <Function test_end_to_end_with_overburn>
        <Function test_end_to_end_healthy>
    <Module test_vesicle.py>
      <Class TestVesicleIsPublish>
        <Function test_vesicle_file_exists>
        <Function test_vesicle_has_same_functions>
      <Class TestNowIso>
        <Function test_format>
        <Function test_is_valid_datetime>
      <Class TestToSlug>
        <Function test_slug_conversion[Hello World-hello-world]>
        <Function test_slug_conversion[A & B * C-a-b-c]>
        <Function test_slug_conversion[  spaces  -spaces]>
        <Function test_slug_conversion[UPPER CASE-upper-case]>
        <Function test_slug_conversion[a-b_c d-a-b-c-d]>
        <Function test_slug_conversion[post #42!-post-42]>
        <Function test_slug_conversion[-]>
        <Function test_slug_conversion[Under_Score-under-score]>
      <Class TestParseFrontmatter>
        <Function test_standard_frontmatter>
        <Function test_no_frontmatter_returns_none>
        <Function test_empty_tags>
        <Function test_single_tag>
        <Function test_body_offset_points_past_frontmatter>
      <Class TestScanContent>
        <Function test_clean>
        <Function test_dollar>
        <Function test_hkd>
        <Function test_millions>
        <Function test_named_person>
        <Function test_secret>
        <Function test_no_false_positive>
      <Class TestCmdNew>
        <Function test_creates_draft_file>
        <Function test_rejects_duplicate>
      <Class TestCmdList>
        <Function test_no_vault>
        <Function test_lists_with_word_count>
      <Class TestCmdPublish>
        <Function test_flips_draft_flag>
        <Function test_already_published_is_noop>
        <Function test_missing_post>
      <Class TestCmdRevise>
        <Function test_adds_note_and_modtime>
        <Function test_not_found>
      <Class TestCmdOpen>
        <Function test_missing_file>
        <Function test_launches_editor>
      <Class TestCmdIndex>
        <Function test_generates_markdown_index>
        <Function test_excludes_drafts>
      <Class TestCmdPush>
        <Function test_no_sync_script>
        <Function test_successful_sync>
        <Function test_failed_sync>
      <Class TestMain>
        <Function test_missing_command_exits>
        <Function test_new_command>
        <Function test_publish_command>
        <Function test_revise_command>
        <Function test_index_command>
        <Function test_push_command_no_script>
    <Module test_vitals.py>
      <Class TestExpressVitals>
        <Function test_no_files_exist_returns_default_report>
        <Function test_nightly_report_exists_included>
        <Function test_nightly_report_unreadable_handles_gracefully>
        <Function test_plugins_are_parsed_and_displayed>
        <Function test_only_enabled_plugins_shown_when_all_enabled>
        <Function test_only_disabled_plugins_shown_when_all_disabled>
        <Function test_empty_plugins_object_skips_section>
        <Function test_invalid_json_settings_skips_section_gracefully>
        <Function test_oserror_reading_settings_skips_section>
        <Function test_activity_with_daily_activity_key_displays_table>
        <Function test_activity_as_list_displays_table>
        <Function test_activity_as_flat_dict_displays_table>
        <Function test_alternate_stat_key_names_handled>
        <Function test_missing_date_uses_question_mark>
        <Function test_missing_stat_values_default_to_zero>
        <Function test_sorts_by_date_descending_and_takes_last_five>
        <Function test_empty_activity_skips_section>
        <Function test_unexpected_activity_type_skips_section>
        <Function test_invalid_json_stats_skips_section_gracefully>
        <Function test_oserror_reading_stats_skips_section>
        <Function test_all_files_present_full_report_generated>
    <Module test_wacli_ro.py>
      <Function test_wacli_ro_help_long_flag>
      <Function test_wacli_ro_help_short_flag>
      <Function test_send_as_first_arg_blocked>
      <Function test_send_anywhere_blocked>
      <Function test_send_substring_blocked>
      <Function test_send_in_message_blocked>
      <Function test_passthrough_non_send_args>
      <Function test_passthrough_multiple_args>
      <Function test_passthrough_empty_args>
      <Function test_passthrough_preserves_wacli_exit_code>
      <Function test_wacli_not_found>
    <Module test_weekly_gather.py>
      <Class TestScriptBasics>
        <Function test_script_exists>
        <Function test_has_main_function>
        <Function test_has_run_all>
        <Function test_has_render_text>
        <Function test_constants>
      <Class TestCLIArgparse>
        <Function test_help_exits_0>
        <Function test_unknown_flag_exits_2>
        <Function test_default_runs_run_all>
        <Function test_json_flag_outputs_json>
      <Class TestLazyGatherImport>
        <Function test_load_gather_returns_false_when_missing>
        <Function test_load_gather_caches_result>
        <Function test_load_gather_returns_module_when_present>
      <Class TestGatherCalendar>
        <Function test_unavailable_when_no_gather_lib>
        <Function test_returns_events_from_gather_lib>
        <Function test_no_events>
        <Function test_unavailable_calendar>
      <Class TestGatherTodo>
        <Function test_unavailable_when_no_gather_lib>
        <Function test_counts_items>
        <Function test_overdue_items>
        <Function test_not_available>
      <Class TestGatherNow>
        <Function test_unavailable_when_no_gather_lib>
        <Function test_counts_open_items>
      <Class TestGatherQuarterly>
        <Function test_found>
        <Function test_not_found>
        <Function test_correct_quarter_calculation>
      <Class TestGatherDaily>
        <Function test_no_daily_notes>
        <Function test_counts_notes_and_commute_closes>
        <Function test_extracts_session_headers>
      <Class TestGatherOura>
        <Function test_no_sopor_command>
        <Function test_parses_sopor_week_output>
        <Function test_fallback_trend_output>
      <Class TestGatherJobAlerts>
        <Function test_no_job_hunting_dir>
        <Function test_counts_unchecked>
      <Class TestGatherGarden>
        <Function test_no_published_dir>
        <Function test_counts_recent_posts>
      <Class TestRunAll>
        <Function test_run_all_returns_all_keys>
        <Function test_run_all_each_has_summary>
        <Function test_run_all_catches_exceptions>
      <Class TestRenderText>
        <Function test_renders_all_sections>
        <Function test_render_text_has_decorators>
      <Class TestRunCmd>
        <Function test_success>
        <Function test_timeout>
        <Function test_generic_exception>
    <Module test_wewe_rss_health.py>
      <Class TestFileBasics>
        <Function test_file_exists>
        <Function test_is_python_script>
        <Function test_has_docstring>
      <Class TestLoadState>
        <Function test_returns_state_when_file_exists>
        <Function test_returns_default_when_file_missing>
        <Function test_empty_file_raises_json_error>
      <Class TestSaveState>
        <Function test_writes_json>
        <Function test_overwrites_existing>
      <Class TestCheckService>
        <Function test_healthy_with_active_feeds>
        <Function test_unreachable_api>
        <Function test_api_error>
        <Function test_no_feeds>
        <Function test_paused_feeds>
      <Class TestSendAlert>
        <Function test_calls_tg_script_when_exists>
        <Function test_prints_to_stderr_when_no_script>
      <Class TestMain>
        <Function test_alerts_on_transition_to_failing>
        <Function test_alerts_on_recovery>
        <Function test_no_alert_when_stable_ok>
        <Function test_no_alert_when_stable_failing>
        <Function test_saves_state_after_check>
    <Module test_x_feed_to_lustro.py>
      <Function test_module_loads>
      <Function test_cache_dir_under_home>
      <Function test_bird_failure_exits>
      <Function test_single_tweet_saved>
      <Function test_short_tweet_skipped>
      <Function test_duplicate_not_overwritten>
      <Function test_quoted_tweet_appended>
      <Function test_date_parsing>
      <Function test_bad_date_uses_today>
      <Function test_missing_date_uses_today>
      <Function test_single_object_response>
      <Function test_mixed_tweets>
      <Function test_subprocess_called_correctly>
      <Function test_cache_dir_created>
      <Function test_record_fields>

============= 14656/14662 tests collected (6 deselected) in 31.51s =============
